<?xml version="1.0" encoding="UTF-8"?>
<!-- Generated by org.testng.reporters.JUnitReportReporter -->
<testsuite hostname="DESKTOP-4MSVC5H" failures="0" tests="3" name="sel1.CrossBr" time="62.184" errors="0" timestamp="2023-04-13T10:56:09 IST" skipped="0">
  <testcase classname="sel1.CrossBr" name="petStoreTC1" time="21.638"/>
  <system-out/>
  <testcase classname="sel1.CrossBr" name="petStoreTC1" time="20.608"/>
  <system-out/>
  <testcase classname="sel1.CrossBr" name="petStoreTC1" time="19.938"/>
  <system-out/>
</testsuite> <!-- sel1.CrossBr -->
